<?xml version="1.0" encoding="UTF-8"?>
<!-- Generated by org.testng.reporters.JUnitReportReporter -->
<testsuite hostname="DESKTOP-0836N0Q" failures="0" tests="4" name="api.test.UserTests" time="13.764" errors="0" timestamp="2024-03-23T12:16:56 IST" skipped="0">
  <testcase classname="api.test.UserTests" name="testPostUser" time="5.625"/>
  <system-out/>
  <testcase classname="api.test.UserTests" name="testgetUserByName" time="1.624"/>
  <system-out/>
  <testcase classname="api.test.UserTests" name="testUpdateUserByName" time="3.923"/>
  <system-out/>
  <testcase classname="api.test.UserTests" name="testDeleteUserByName" time="2.592"/>
  <system-out/>
</testsuite> <!-- api.test.UserTests -->
