<?xml version="1.0" encoding="UTF-8"?>
<!-- Generated by org.testng.reporters.JUnitReportReporter -->
<testsuite hostname="DESKTOP-0836N0Q" failures="0" tests="6" name="api.test.DDTests" time="15.742" errors="0" timestamp="2024-03-23T11:49:26 IST" skipped="0">
  <testcase classname="api.test.DDTests" name="testPostUser" time="6.671"/>
  <system-out/>
  <testcase classname="api.test.DDTests" name="testPostUser" time="1.691"/>
  <system-out/>
  <testcase classname="api.test.DDTests" name="testPostUser" time="1.595"/>
  <system-out/>
  <testcase classname="api.test.DDTests" name="testDeleteUserByName" time="1.517"/>
  <system-out/>
  <testcase classname="api.test.DDTests" name="testDeleteUserByName" time="1.976"/>
  <system-out/>
  <testcase classname="api.test.DDTests" name="testDeleteUserByName" time="2.292"/>
  <system-out/>
</testsuite> <!-- api.test.DDTests -->
