<?xml version="1.0" encoding="UTF-8"?>
<!-- Generated by org.testng.reporters.JUnitReportReporter -->
<testsuite hostname="DESKTOP-0836N0Q" failures="0" tests="4" name="api.test.UserTests2" time="15.868" errors="0" timestamp="2024-03-23T12:59:28 IST" skipped="0">
  <testcase classname="api.test.UserTests2" name="testPostUser" time="9.680"/>
  <system-out/>
  <testcase classname="api.test.UserTests2" name="testgetUserByName" time="1.530"/>
  <system-out/>
  <testcase classname="api.test.UserTests2" name="testUpdateUserByName" time="3.165"/>
  <system-out/>
  <testcase classname="api.test.UserTests2" name="testDeleteUserByName" time="1.493"/>
  <system-out/>
</testsuite> <!-- api.test.UserTests2 -->
