<?xml version="1.0" encoding="UTF-8"?>
<!-- Generated by org.testng.reporters.JUnitReportReporter -->
<testsuite hostname="DESKTOP-0836N0Q" failures="0" tests="4" name="api.test.UserTests2" time="12.219" errors="0" timestamp="2024-03-23T14:13:26 IST" skipped="0">
  <testcase classname="api.test.UserTests2" name="testPostUser" time="5.655"/>
  <system-out/>
  <testcase classname="api.test.UserTests2" name="testgetUserByName" time="1.512"/>
  <system-out/>
  <testcase classname="api.test.UserTests2" name="testUpdateUserByName" time="3.536"/>
  <system-out/>
  <testcase classname="api.test.UserTests2" name="testDeleteUserByName" time="1.516"/>
  <system-out/>
</testsuite> <!-- api.test.UserTests2 -->
